0 info it worked if it ends with ok
1 verbose cli [ 'node', '/usr/bin/npm', 'install' ]
2 info using npm@1.3.6
3 info using node@v0.10.42
4 verbose readDependencies using package.json deps
5 verbose install where, deps [ '/home/kosmas/Prog/elx/pnxdepot',
5 verbose install   [ 'babel-brunch',
5 verbose install     'brunch',
5 verbose install     'clean-css-brunch',
5 verbose install     'css-brunch',
5 verbose install     'javascript-brunch',
5 verbose install     'uglify-js-brunch',
5 verbose install     'phoenix',
5 verbose install     'phoenix_html' ] ]
6 info preinstall @
7 verbose readDependencies using package.json deps
8 verbose cache add [ 'babel-brunch@~6.0.0', null ]
9 verbose cache add name=undefined spec="babel-brunch@~6.0.0" args=["babel-brunch@~6.0.0",null]
10 verbose parsed url { protocol: null,
10 verbose parsed url   slashes: null,
10 verbose parsed url   auth: null,
10 verbose parsed url   host: null,
10 verbose parsed url   port: null,
10 verbose parsed url   hostname: null,
10 verbose parsed url   hash: null,
10 verbose parsed url   search: null,
10 verbose parsed url   query: null,
10 verbose parsed url   pathname: 'babel-brunch@~6.0.0',
10 verbose parsed url   path: 'babel-brunch@~6.0.0',
10 verbose parsed url   href: 'babel-brunch@~6.0.0' }
11 verbose cache add name="babel-brunch" spec="~6.0.0" args=["babel-brunch","~6.0.0"]
12 verbose parsed url { protocol: null,
12 verbose parsed url   slashes: null,
12 verbose parsed url   auth: null,
12 verbose parsed url   host: null,
12 verbose parsed url   port: null,
12 verbose parsed url   hostname: null,
12 verbose parsed url   hash: null,
12 verbose parsed url   search: null,
12 verbose parsed url   query: null,
12 verbose parsed url   pathname: '~6.0.0',
12 verbose parsed url   path: '~6.0.0',
12 verbose parsed url   href: '~6.0.0' }
13 verbose addNamed [ 'babel-brunch', '~6.0.0' ]
14 verbose addNamed [ null, '>=6.0.0-0 <6.1.0-0' ]
15 verbose cache add [ 'brunch@~2.1.3', null ]
16 verbose cache add name=undefined spec="brunch@~2.1.3" args=["brunch@~2.1.3",null]
17 verbose parsed url { protocol: null,
17 verbose parsed url   slashes: null,
17 verbose parsed url   auth: null,
17 verbose parsed url   host: null,
17 verbose parsed url   port: null,
17 verbose parsed url   hostname: null,
17 verbose parsed url   hash: null,
17 verbose parsed url   search: null,
17 verbose parsed url   query: null,
17 verbose parsed url   pathname: 'brunch@~2.1.3',
17 verbose parsed url   path: 'brunch@~2.1.3',
17 verbose parsed url   href: 'brunch@~2.1.3' }
18 verbose cache add name="brunch" spec="~2.1.3" args=["brunch","~2.1.3"]
19 verbose parsed url { protocol: null,
19 verbose parsed url   slashes: null,
19 verbose parsed url   auth: null,
19 verbose parsed url   host: null,
19 verbose parsed url   port: null,
19 verbose parsed url   hostname: null,
19 verbose parsed url   hash: null,
19 verbose parsed url   search: null,
19 verbose parsed url   query: null,
19 verbose parsed url   pathname: '~2.1.3',
19 verbose parsed url   path: '~2.1.3',
19 verbose parsed url   href: '~2.1.3' }
20 verbose addNamed [ 'brunch', '~2.1.3' ]
21 verbose addNamed [ null, '>=2.1.3-0 <2.2.0-0' ]
22 verbose cache add [ 'clean-css-brunch@~1.8.0', null ]
23 verbose cache add name=undefined spec="clean-css-brunch@~1.8.0" args=["clean-css-brunch@~1.8.0",null]
24 verbose parsed url { protocol: null,
24 verbose parsed url   slashes: null,
24 verbose parsed url   auth: null,
24 verbose parsed url   host: null,
24 verbose parsed url   port: null,
24 verbose parsed url   hostname: null,
24 verbose parsed url   hash: null,
24 verbose parsed url   search: null,
24 verbose parsed url   query: null,
24 verbose parsed url   pathname: 'clean-css-brunch@~1.8.0',
24 verbose parsed url   path: 'clean-css-brunch@~1.8.0',
24 verbose parsed url   href: 'clean-css-brunch@~1.8.0' }
25 verbose cache add name="clean-css-brunch" spec="~1.8.0" args=["clean-css-brunch","~1.8.0"]
26 verbose parsed url { protocol: null,
26 verbose parsed url   slashes: null,
26 verbose parsed url   auth: null,
26 verbose parsed url   host: null,
26 verbose parsed url   port: null,
26 verbose parsed url   hostname: null,
26 verbose parsed url   hash: null,
26 verbose parsed url   search: null,
26 verbose parsed url   query: null,
26 verbose parsed url   pathname: '~1.8.0',
26 verbose parsed url   path: '~1.8.0',
26 verbose parsed url   href: '~1.8.0' }
27 verbose addNamed [ 'clean-css-brunch', '~1.8.0' ]
28 verbose addNamed [ null, '>=1.8.0-0 <1.9.0-0' ]
29 verbose cache add [ 'css-brunch@~1.7.0', null ]
30 verbose cache add name=undefined spec="css-brunch@~1.7.0" args=["css-brunch@~1.7.0",null]
31 verbose parsed url { protocol: null,
31 verbose parsed url   slashes: null,
31 verbose parsed url   auth: null,
31 verbose parsed url   host: null,
31 verbose parsed url   port: null,
31 verbose parsed url   hostname: null,
31 verbose parsed url   hash: null,
31 verbose parsed url   search: null,
31 verbose parsed url   query: null,
31 verbose parsed url   pathname: 'css-brunch@~1.7.0',
31 verbose parsed url   path: 'css-brunch@~1.7.0',
31 verbose parsed url   href: 'css-brunch@~1.7.0' }
32 verbose cache add name="css-brunch" spec="~1.7.0" args=["css-brunch","~1.7.0"]
33 verbose parsed url { protocol: null,
33 verbose parsed url   slashes: null,
33 verbose parsed url   auth: null,
33 verbose parsed url   host: null,
33 verbose parsed url   port: null,
33 verbose parsed url   hostname: null,
33 verbose parsed url   hash: null,
33 verbose parsed url   search: null,
33 verbose parsed url   query: null,
33 verbose parsed url   pathname: '~1.7.0',
33 verbose parsed url   path: '~1.7.0',
33 verbose parsed url   href: '~1.7.0' }
34 verbose addNamed [ 'css-brunch', '~1.7.0' ]
35 verbose addNamed [ null, '>=1.7.0-0 <1.8.0-0' ]
36 verbose cache add [ 'javascript-brunch@~1.8.0', null ]
37 verbose cache add name=undefined spec="javascript-brunch@~1.8.0" args=["javascript-brunch@~1.8.0",null]
38 verbose parsed url { protocol: null,
38 verbose parsed url   slashes: null,
38 verbose parsed url   auth: null,
38 verbose parsed url   host: null,
38 verbose parsed url   port: null,
38 verbose parsed url   hostname: null,
38 verbose parsed url   hash: null,
38 verbose parsed url   search: null,
38 verbose parsed url   query: null,
38 verbose parsed url   pathname: 'javascript-brunch@~1.8.0',
38 verbose parsed url   path: 'javascript-brunch@~1.8.0',
38 verbose parsed url   href: 'javascript-brunch@~1.8.0' }
39 verbose cache add name="javascript-brunch" spec="~1.8.0" args=["javascript-brunch","~1.8.0"]
40 verbose parsed url { protocol: null,
40 verbose parsed url   slashes: null,
40 verbose parsed url   auth: null,
40 verbose parsed url   host: null,
40 verbose parsed url   port: null,
40 verbose parsed url   hostname: null,
40 verbose parsed url   hash: null,
40 verbose parsed url   search: null,
40 verbose parsed url   query: null,
40 verbose parsed url   pathname: '~1.8.0',
40 verbose parsed url   path: '~1.8.0',
40 verbose parsed url   href: '~1.8.0' }
41 verbose addNamed [ 'javascript-brunch', '~1.8.0' ]
42 verbose addNamed [ null, '>=1.8.0-0 <1.9.0-0' ]
43 verbose cache add [ 'uglify-js-brunch@~1.7.0', null ]
44 verbose cache add name=undefined spec="uglify-js-brunch@~1.7.0" args=["uglify-js-brunch@~1.7.0",null]
45 verbose parsed url { protocol: null,
45 verbose parsed url   slashes: null,
45 verbose parsed url   auth: null,
45 verbose parsed url   host: null,
45 verbose parsed url   port: null,
45 verbose parsed url   hostname: null,
45 verbose parsed url   hash: null,
45 verbose parsed url   search: null,
45 verbose parsed url   query: null,
45 verbose parsed url   pathname: 'uglify-js-brunch@~1.7.0',
45 verbose parsed url   path: 'uglify-js-brunch@~1.7.0',
45 verbose parsed url   href: 'uglify-js-brunch@~1.7.0' }
46 verbose cache add name="uglify-js-brunch" spec="~1.7.0" args=["uglify-js-brunch","~1.7.0"]
47 verbose parsed url { protocol: null,
47 verbose parsed url   slashes: null,
47 verbose parsed url   auth: null,
47 verbose parsed url   host: null,
47 verbose parsed url   port: null,
47 verbose parsed url   hostname: null,
47 verbose parsed url   hash: null,
47 verbose parsed url   search: null,
47 verbose parsed url   query: null,
47 verbose parsed url   pathname: '~1.7.0',
47 verbose parsed url   path: '~1.7.0',
47 verbose parsed url   href: '~1.7.0' }
48 verbose addNamed [ 'uglify-js-brunch', '~1.7.0' ]
49 verbose addNamed [ null, '>=1.7.0-0 <1.8.0-0' ]
50 verbose cache add [ 'phoenix@file:deps/phoenix', null ]
51 verbose cache add name=undefined spec="phoenix@file:deps/phoenix" args=["phoenix@file:deps/phoenix",null]
52 verbose parsed url { protocol: null,
52 verbose parsed url   slashes: null,
52 verbose parsed url   auth: null,
52 verbose parsed url   host: null,
52 verbose parsed url   port: null,
52 verbose parsed url   hostname: null,
52 verbose parsed url   hash: null,
52 verbose parsed url   search: null,
52 verbose parsed url   query: null,
52 verbose parsed url   pathname: 'phoenix@file:deps/phoenix',
52 verbose parsed url   path: 'phoenix@file:deps/phoenix',
52 verbose parsed url   href: 'phoenix@file:deps/phoenix' }
53 verbose cache add name="phoenix" spec="file:deps/phoenix" args=["phoenix","file:deps/phoenix"]
54 verbose parsed url { protocol: 'file:',
54 verbose parsed url   slashes: null,
54 verbose parsed url   auth: null,
54 verbose parsed url   host: null,
54 verbose parsed url   port: null,
54 verbose parsed url   hostname: null,
54 verbose parsed url   hash: null,
54 verbose parsed url   search: null,
54 verbose parsed url   query: null,
54 verbose parsed url   pathname: 'deps/phoenix',
54 verbose parsed url   path: 'deps/phoenix',
54 verbose parsed url   href: 'file:deps/phoenix' }
55 verbose addNamed [ 'phoenix', 'file:deps/phoenix' ]
56 verbose addNamed [ null, null ]
57 silly lockFile 6b74a846-babel-brunch-6-0-0 babel-brunch@~6.0.0
58 verbose lock babel-brunch@~6.0.0 /home/kosmas/.npm/6b74a846-babel-brunch-6-0-0.lock
59 verbose cache add [ 'phoenix_html@file:deps/phoenix_html', null ]
60 verbose cache add name=undefined spec="phoenix_html@file:deps/phoenix_html" args=["phoenix_html@file:deps/phoenix_html",null]
61 verbose parsed url { protocol: null,
61 verbose parsed url   slashes: null,
61 verbose parsed url   auth: null,
61 verbose parsed url   host: null,
61 verbose parsed url   port: null,
61 verbose parsed url   hostname: null,
61 verbose parsed url   hash: null,
61 verbose parsed url   search: null,
61 verbose parsed url   query: null,
61 verbose parsed url   pathname: 'phoenix_html@file:deps/phoenix_html',
61 verbose parsed url   path: 'phoenix_html@file:deps/phoenix_html',
61 verbose parsed url   href: 'phoenix_html@file:deps/phoenix_html' }
62 verbose cache add name="phoenix_html" spec="file:deps/phoenix_html" args=["phoenix_html","file:deps/phoenix_html"]
63 verbose parsed url { protocol: 'file:',
63 verbose parsed url   slashes: null,
63 verbose parsed url   auth: null,
63 verbose parsed url   host: null,
63 verbose parsed url   port: null,
63 verbose parsed url   hostname: null,
63 verbose parsed url   hash: null,
63 verbose parsed url   search: null,
63 verbose parsed url   query: null,
63 verbose parsed url   pathname: 'deps/phoenix_html',
63 verbose parsed url   path: 'deps/phoenix_html',
63 verbose parsed url   href: 'file:deps/phoenix_html' }
64 verbose addNamed [ 'phoenix_html', 'file:deps/phoenix_html' ]
65 verbose addNamed [ null, null ]
66 silly lockFile 3d88e48d-enix-html-file-deps-phoenix-html phoenix_html@file:deps/phoenix_html
67 verbose lock phoenix_html@file:deps/phoenix_html /home/kosmas/.npm/3d88e48d-enix-html-file-deps-phoenix-html.lock
68 silly lockFile ae899708-brunch-2-1-3 brunch@~2.1.3
69 verbose lock brunch@~2.1.3 /home/kosmas/.npm/ae899708-brunch-2-1-3.lock
70 silly lockFile ce351c63-clean-css-brunch-1-8-0 clean-css-brunch@~1.8.0
71 verbose lock clean-css-brunch@~1.8.0 /home/kosmas/.npm/ce351c63-clean-css-brunch-1-8-0.lock
72 silly lockFile 37226b7f-css-brunch-1-7-0 css-brunch@~1.7.0
73 verbose lock css-brunch@~1.7.0 /home/kosmas/.npm/37226b7f-css-brunch-1-7-0.lock
74 silly lockFile e65a8e02-javascript-brunch-1-8-0 javascript-brunch@~1.8.0
75 verbose lock javascript-brunch@~1.8.0 /home/kosmas/.npm/e65a8e02-javascript-brunch-1-8-0.lock
76 silly lockFile 1e79e113-uglify-js-brunch-1-7-0 uglify-js-brunch@~1.7.0
77 verbose lock uglify-js-brunch@~1.7.0 /home/kosmas/.npm/1e79e113-uglify-js-brunch-1-7-0.lock
78 silly lockFile 25706d37-phoenix-file-deps-phoenix phoenix@file:deps/phoenix
79 verbose lock phoenix@file:deps/phoenix /home/kosmas/.npm/25706d37-phoenix-file-deps-phoenix.lock
80 silly addNameRange { name: 'babel-brunch',
80 silly addNameRange   range: '>=6.0.0-0 <6.1.0-0',
80 silly addNameRange   hasData: false }
81 info addNameTag [ 'phoenix_html', 'file:deps/phoenix_html' ]
82 silly addNameRange { name: 'brunch', range: '>=2.1.3-0 <2.2.0-0', hasData: false }
83 silly addNameRange { name: 'clean-css-brunch',
83 silly addNameRange   range: '>=1.8.0-0 <1.9.0-0',
83 silly addNameRange   hasData: false }
84 silly addNameRange { name: 'css-brunch',
84 silly addNameRange   range: '>=1.7.0-0 <1.8.0-0',
84 silly addNameRange   hasData: false }
85 silly addNameRange { name: 'javascript-brunch',
85 silly addNameRange   range: '>=1.8.0-0 <1.9.0-0',
85 silly addNameRange   hasData: false }
86 silly addNameRange { name: 'uglify-js-brunch',
86 silly addNameRange   range: '>=1.7.0-0 <1.8.0-0',
86 silly addNameRange   hasData: false }
87 info addNameTag [ 'phoenix', 'file:deps/phoenix' ]
88 verbose url raw babel-brunch
89 verbose url resolving [ 'https://registry.npmjs.org/', './babel-brunch' ]
90 verbose url resolved https://registry.npmjs.org/babel-brunch
91 info trying registry request attempt 1 at 12:28:02
92 http GET https://registry.npmjs.org/babel-brunch
93 verbose url raw phoenix_html
94 verbose url resolving [ 'https://registry.npmjs.org/', './phoenix_html' ]
95 verbose url resolved https://registry.npmjs.org/phoenix_html
96 info trying registry request attempt 1 at 12:28:02
97 http GET https://registry.npmjs.org/phoenix_html
98 verbose url raw brunch
99 verbose url resolving [ 'https://registry.npmjs.org/', './brunch' ]
100 verbose url resolved https://registry.npmjs.org/brunch
101 info trying registry request attempt 1 at 12:28:02
102 http GET https://registry.npmjs.org/brunch
103 verbose url raw clean-css-brunch
104 verbose url resolving [ 'https://registry.npmjs.org/', './clean-css-brunch' ]
105 verbose url resolved https://registry.npmjs.org/clean-css-brunch
106 info trying registry request attempt 1 at 12:28:02
107 http GET https://registry.npmjs.org/clean-css-brunch
108 verbose url raw css-brunch
109 verbose url resolving [ 'https://registry.npmjs.org/', './css-brunch' ]
110 verbose url resolved https://registry.npmjs.org/css-brunch
111 info trying registry request attempt 1 at 12:28:02
112 http GET https://registry.npmjs.org/css-brunch
113 verbose url raw javascript-brunch
114 verbose url resolving [ 'https://registry.npmjs.org/', './javascript-brunch' ]
115 verbose url resolved https://registry.npmjs.org/javascript-brunch
116 info trying registry request attempt 1 at 12:28:02
117 http GET https://registry.npmjs.org/javascript-brunch
118 verbose url raw uglify-js-brunch
119 verbose url resolving [ 'https://registry.npmjs.org/', './uglify-js-brunch' ]
120 verbose url resolved https://registry.npmjs.org/uglify-js-brunch
121 info trying registry request attempt 1 at 12:28:02
122 http GET https://registry.npmjs.org/uglify-js-brunch
123 verbose url raw phoenix
124 verbose url resolving [ 'https://registry.npmjs.org/', './phoenix' ]
125 verbose url resolved https://registry.npmjs.org/phoenix
126 info trying registry request attempt 1 at 12:28:02
127 http GET https://registry.npmjs.org/phoenix
128 info retry will retry, error on last attempt: Error: tunneling socket could not be established, cause=140647567210560:error:140770FC:SSL routines:SSL23_GET_SERVER_HELLO:unknown protocol:s23_clnt.c:769:
129 info retry will retry, error on last attempt: Error: tunneling socket could not be established, cause=140647567210560:error:140770FC:SSL routines:SSL23_GET_SERVER_HELLO:unknown protocol:s23_clnt.c:769:
130 info retry will retry, error on last attempt: Error: tunneling socket could not be established, cause=140647567210560:error:140770FC:SSL routines:SSL23_GET_SERVER_HELLO:unknown protocol:s23_clnt.c:769:
131 info retry will retry, error on last attempt: Error: tunneling socket could not be established, cause=140647567210560:error:140770FC:SSL routines:SSL23_GET_SERVER_HELLO:unknown protocol:s23_clnt.c:769:
132 info retry will retry, error on last attempt: Error: tunneling socket could not be established, cause=140647567210560:error:140770FC:SSL routines:SSL23_GET_SERVER_HELLO:unknown protocol:s23_clnt.c:769:
133 info retry will retry, error on last attempt: Error: tunneling socket could not be established, cause=140647567210560:error:140770FC:SSL routines:SSL23_GET_SERVER_HELLO:unknown protocol:s23_clnt.c:769:
134 info retry will retry, error on last attempt: Error: tunneling socket could not be established, cause=140647567210560:error:140770FC:SSL routines:SSL23_GET_SERVER_HELLO:unknown protocol:s23_clnt.c:769:
135 info retry will retry, error on last attempt: Error: tunneling socket could not be established, cause=140647567210560:error:140770FC:SSL routines:SSL23_GET_SERVER_HELLO:unknown protocol:s23_clnt.c:769:
136 info trying registry request attempt 2 at 12:28:12
137 http GET https://registry.npmjs.org/babel-brunch
138 info trying registry request attempt 2 at 12:28:12
139 http GET https://registry.npmjs.org/phoenix_html
140 info trying registry request attempt 2 at 12:28:12
141 http GET https://registry.npmjs.org/brunch
142 info trying registry request attempt 2 at 12:28:12
143 http GET https://registry.npmjs.org/clean-css-brunch
144 info trying registry request attempt 2 at 12:28:12
145 http GET https://registry.npmjs.org/css-brunch
146 info trying registry request attempt 2 at 12:28:12
147 http GET https://registry.npmjs.org/javascript-brunch
148 info trying registry request attempt 2 at 12:28:12
149 http GET https://registry.npmjs.org/phoenix
150 info trying registry request attempt 2 at 12:28:12
151 http GET https://registry.npmjs.org/uglify-js-brunch
152 info retry will retry, error on last attempt: Error: tunneling socket could not be established, cause=140647567210560:error:140770FC:SSL routines:SSL23_GET_SERVER_HELLO:unknown protocol:s23_clnt.c:769:
153 info retry will retry, error on last attempt: Error: tunneling socket could not be established, cause=140647567210560:error:140770FC:SSL routines:SSL23_GET_SERVER_HELLO:unknown protocol:s23_clnt.c:769:
154 info retry will retry, error on last attempt: Error: tunneling socket could not be established, cause=140647567210560:error:140770FC:SSL routines:SSL23_GET_SERVER_HELLO:unknown protocol:s23_clnt.c:769:
155 info retry will retry, error on last attempt: Error: tunneling socket could not be established, cause=140647567210560:error:140770FC:SSL routines:SSL23_GET_SERVER_HELLO:unknown protocol:s23_clnt.c:769:
156 info retry will retry, error on last attempt: Error: tunneling socket could not be established, cause=140647567210560:error:140770FC:SSL routines:SSL23_GET_SERVER_HELLO:unknown protocol:s23_clnt.c:769:
157 info retry will retry, error on last attempt: Error: tunneling socket could not be established, cause=140647567210560:error:140770FC:SSL routines:SSL23_GET_SERVER_HELLO:unknown protocol:s23_clnt.c:769:
158 info retry will retry, error on last attempt: Error: tunneling socket could not be established, cause=140647567210560:error:140770FC:SSL routines:SSL23_GET_SERVER_HELLO:unknown protocol:s23_clnt.c:769:
159 info retry will retry, error on last attempt: Error: tunneling socket could not be established, cause=140647567210560:error:140770FC:SSL routines:SSL23_GET_SERVER_HELLO:unknown protocol:s23_clnt.c:769:
160 info trying registry request attempt 3 at 12:29:12
161 http GET https://registry.npmjs.org/brunch
162 info trying registry request attempt 3 at 12:29:12
163 http GET https://registry.npmjs.org/clean-css-brunch
164 info trying registry request attempt 3 at 12:29:12
165 http GET https://registry.npmjs.org/babel-brunch
166 info trying registry request attempt 3 at 12:29:12
167 http GET https://registry.npmjs.org/phoenix_html
168 info trying registry request attempt 3 at 12:29:12
169 http GET https://registry.npmjs.org/javascript-brunch
170 info trying registry request attempt 3 at 12:29:12
171 http GET https://registry.npmjs.org/css-brunch
172 info trying registry request attempt 3 at 12:29:12
173 http GET https://registry.npmjs.org/phoenix
174 info trying registry request attempt 3 at 12:29:12
175 http GET https://registry.npmjs.org/uglify-js-brunch
176 silly lockFile ce351c63-clean-css-brunch-1-8-0 clean-css-brunch@~1.8.0
177 silly lockFile ce351c63-clean-css-brunch-1-8-0 clean-css-brunch@~1.8.0
178 error network tunneling socket could not be established, cause=140647567210560:error:140770FC:SSL routines:SSL23_GET_SERVER_HELLO:unknown protocol:s23_clnt.c:769:
178 error network
178 error network This is most likely not a problem with npm itself
178 error network and is related to network connectivity.
178 error network In most cases you are behind a proxy or have bad network settings.
178 error network
178 error network If you are behind a proxy, please make sure that the
178 error network 'proxy' config is set properly.  See: 'npm help config'
179 error System Linux 3.10.0-327.10.1.el7.x86_64
180 error command "node" "/usr/bin/npm" "install"
181 error cwd /home/kosmas/Prog/elx/pnxdepot
182 error node -v v0.10.42
183 error npm -v 1.3.6
184 error code ECONNRESET
185 verbose exit [ 1, true ]
